<?xml version="1.0" encoding="UTF-8"?>
<!-- Generated by org.testng.reporters.JUnitReportReporter -->
<testsuite hostname="LAPTOP-FHR8S135" failures="0" tests="5" name="com.demo.tests.FirstDemo" time="3.428" errors="0" timestamp="2021-12-06T14:04:04 IST" skipped="0">
  <testcase classname="com.demo.tests.FirstDemo" name="testUsersById" time="0.214"/>
  <system-out/>
  <testcase classname="com.demo.tests.FirstDemo" name="testDelete" time="0.827"/>
  <system-out/>
  <testcase classname="com.demo.tests.FirstDemo" name="testCreateUser" time="1.364"/>
  <system-out/>
  <testcase classname="com.demo.tests.FirstDemo" name="testPatch" time="0.522"/>
  <system-out/>
  <testcase classname="com.demo.tests.FirstDemo" name="testPut" time="0.501"/>
  <system-out/>
</testsuite> <!-- com.demo.tests.FirstDemo -->
