<?xml version="1.0" encoding="UTF-8"?>
<!-- Generated by org.testng.reporters.JUnitReportReporter -->
<testsuite hostname="LAPTOP-FHR8S135" failures="0" tests="6" name="com.demo.tests.LocalApiTest" time="0.861" errors="0" timestamp="2021-12-06T20:18:23 IST" skipped="0">
  <testcase classname="com.demo.tests.LocalApiTest" name="getStudent" time="0.604"/>
  <system-out/>
  <testcase classname="com.demo.tests.LocalApiTest" name="postStudent" time="0.076"/>
  <system-out/>
  <testcase classname="com.demo.tests.LocalApiTest" name="putStudent" time="0.043"/>
  <system-out/>
  <testcase classname="com.demo.tests.LocalApiTest" name="patchstudent" time="0.045"/>
  <system-out/>
  <testcase classname="com.demo.tests.LocalApiTest" name="deleteStudent" time="0.047"/>
  <system-out/>
  <testcase classname="com.demo.tests.LocalApiTest" name="postSubject" time="0.046"/>
  <system-out/>
</testsuite> <!-- com.demo.tests.LocalApiTest -->
