<?xml version="1.0" encoding="UTF-8"?>
<!-- Generated by org.testng.reporters.JUnitReportReporter -->
<testsuite hostname="LAPTOP-FHR8S135" failures="0" tests="5" name="com.demo.tests.FirstDemo" time="3.063" errors="0" timestamp="2021-12-06T19:05:24 IST" skipped="0">
  <testcase classname="com.demo.tests.FirstDemo" name="testUsersById" time="0.189"/>
  <system-out/>
  <testcase classname="com.demo.tests.FirstDemo" name="testDelete" time="0.446"/>
  <system-out/>
  <testcase classname="com.demo.tests.FirstDemo" name="testCreateUser" time="1.418"/>
  <system-out/>
  <testcase classname="com.demo.tests.FirstDemo" name="testPatch" time="0.443"/>
  <system-out/>
  <testcase classname="com.demo.tests.FirstDemo" name="testPut" time="0.567"/>
  <system-out/>
</testsuite> <!-- com.demo.tests.FirstDemo -->
